TN:
SF:src\offline-form.js
FN:10,(anonymous_0)
FN:17,(anonymous_1)
FN:25,(anonymous_2)
FN:37,serializeForm
FN:41,(anonymous_4)
FN:63,deserializeForm
FN:68,(anonymous_6)
FN:86,debounce
FN:88,(anonymous_8)
FN:90,(anonymous_9)
FN:96,showToast
FN:120,(anonymous_11)
FN:122,(anonymous_12)
FN:124,(anonymous_13)
FN:146,watch
FN:186,(anonymous_15)
FN:198,(anonymous_16)
FN:215,unwatch
FN:231,clear
FN:244,getAll
FN:246,(anonymous_20)
FNF:21
FNH:17
FNDA:6,(anonymous_0)
FNDA:13,(anonymous_1)
FNDA:2,(anonymous_2)
FNDA:6,serializeForm
FNDA:30,(anonymous_4)
FNDA:3,deserializeForm
FNDA:15,(anonymous_6)
FNDA:12,debounce
FNDA:6,(anonymous_8)
FNDA:6,(anonymous_9)
FNDA:0,showToast
FNDA:0,(anonymous_11)
FNDA:0,(anonymous_12)
FNDA:0,(anonymous_13)
FNDA:13,watch
FNDA:6,(anonymous_15)
FNDA:1,(anonymous_16)
FNDA:13,unwatch
FNDA:1,clear
FNDA:1,getAll
FNDA:1,(anonymous_20)
DA:9,1
DA:11,6
DA:12,6
DA:14,0
DA:18,13
DA:19,13
DA:20,13
DA:22,0
DA:26,2
DA:27,2
DA:38,6
DA:39,6
DA:41,6
DA:42,30
DA:43,30
DA:45,30
DA:46,6
DA:47,24
DA:48,0
DA:49,24
DA:51,0
DA:53,24
DA:57,6
DA:64,3
DA:66,3
DA:68,3
DA:69,15
DA:70,15
DA:72,5
DA:73,0
DA:74,5
DA:75,0
DA:76,5
DA:77,0
DA:79,5
DA:88,12
DA:89,6
DA:90,6
DA:97,0
DA:98,0
DA:100,0
DA:101,0
DA:102,0
DA:103,0
DA:119,0
DA:120,0
DA:122,0
DA:123,0
DA:124,0
DA:130,1
DA:147,13
DA:151,13
DA:152,1
DA:153,1
DA:156,12
DA:169,12
DA:173,12
DA:174,12
DA:175,3
DA:177,3
DA:178,0
DA:180,3
DA:181,1
DA:186,12
DA:187,6
DA:188,6
DA:189,6
DA:192,12
DA:194,12
DA:195,12
DA:198,12
DA:199,1
DA:201,12
DA:204,12
DA:210,12
DA:216,13
DA:220,13
DA:222,12
DA:223,12
DA:224,12
DA:225,12
DA:226,12
DA:232,1
DA:236,1
DA:238,1
DA:239,1
DA:245,1
DA:246,1
DA:247,1
DA:248,1
DA:250,1
DA:255,1
LF:92
LH:73
BRDA:20,0,0,4
BRDA:20,0,1,9
BRDA:42,1,0,30
BRDA:42,1,1,0
BRDA:43,2,0,0
BRDA:43,2,1,30
BRDA:45,3,0,6
BRDA:45,3,1,24
BRDA:47,4,0,0
BRDA:47,4,1,24
BRDA:48,5,0,0
BRDA:48,5,1,0
BRDA:49,6,0,0
BRDA:49,6,1,24
BRDA:64,7,0,0
BRDA:64,7,1,3
BRDA:64,8,0,3
BRDA:64,8,1,3
BRDA:69,9,0,15
BRDA:69,9,1,0
BRDA:70,10,0,10
BRDA:70,10,1,5
BRDA:70,11,0,15
BRDA:70,11,1,15
BRDA:72,12,0,0
BRDA:72,12,1,5
BRDA:74,13,0,0
BRDA:74,13,1,5
BRDA:76,14,0,0
BRDA:76,14,1,5
BRDA:98,15,0,0
BRDA:98,15,1,0
BRDA:146,16,0,1
BRDA:147,17,0,13
BRDA:147,17,1,0
BRDA:151,18,0,1
BRDA:151,18,1,12
BRDA:151,19,0,13
BRDA:151,19,1,12
BRDA:169,20,0,12
BRDA:169,20,1,11
BRDA:170,21,0,11
BRDA:170,21,1,0
BRDA:170,21,2,0
BRDA:174,22,0,3
BRDA:174,22,1,9
BRDA:174,23,0,12
BRDA:174,23,1,3
BRDA:177,24,0,0
BRDA:177,24,1,3
BRDA:180,25,0,1
BRDA:180,25,1,2
BRDA:189,26,0,1
BRDA:189,26,1,5
BRDA:216,27,0,1
BRDA:216,27,1,12
BRDA:220,28,0,1
BRDA:220,28,1,12
BRDA:220,29,0,13
BRDA:220,29,1,13
BRDA:232,30,0,1
BRDA:232,30,1,0
BRDA:236,31,0,0
BRDA:236,31,1,1
BRDA:236,32,0,1
BRDA:236,32,1,1
BRF:66
BRH:47
end_of_record
